<?xml version="1.0" encoding="UTF-8"?>
<!-- Generated by org.testng.reporters.JUnitReportReporter -->
<testsuite skipped="0" hostname="SOPA-BLR-01" name="com.qa.selenium.tests.AmazonHomePageTest" tests="1" failures="0" timestamp="13 Feb 2019 07:06:20 GMT" time="13.738" errors="0">
  <testcase name="titleTest" time="13.738" classname="com.qa.selenium.tests.AmazonHomePageTest"/>
</testsuite> <!-- com.qa.selenium.tests.AmazonHomePageTest -->
